D:\CODE\OPENCV_CUDA\BIN\HSI\HSI.EXE
D:\CODE\OPENCV_CUDA\BIN\HSI\HSI.ILK
D:\CODE\OPENCV_CUDA\BIN\HSI\HSI.PDB
D:\code\OPENCV_CUDA\Debug\..\bin\HSI\HSI.exe
D:\code\OPENCV_CUDA\Debug\..\bin\HSI\HSI.ilk
D:\code\OPENCV_CUDA\Debug\..\bin\HSI\HSI.pdb
D:\code\OPENCV_CUDA\HSI\Debug\HSI.cu.cache
D:\code\OPENCV_CUDA\HSI\Debug\HSI.cu.obj
D:\CODE\OPENCV_CUDA\HSI\DEBUG\HSI.EXE.EMBED.MANIFEST
D:\CODE\OPENCV_CUDA\HSI\DEBUG\HSI.EXE.EMBED.MANIFEST.RES
D:\CODE\OPENCV_CUDA\HSI\DEBUG\HSI.EXE.INTERMEDIATE.MANIFEST
D:\code\OPENCV_CUDA\HSI\Debug\HSI.write.1.tlog
D:\code\OPENCV_CUDA\HSI\Debug\HSI_manifest.rc
D:\code\OPENCV_CUDA\HSI\Debug\link.8024.read.1.tlog
D:\code\OPENCV_CUDA\HSI\Debug\link.8024.write.1.tlog
D:\code\OPENCV_CUDA\HSI\Debug\link.8024-cvtres.read.1.tlog
D:\code\OPENCV_CUDA\HSI\Debug\link.8024-cvtres.write.1.tlog
D:\code\OPENCV_CUDA\HSI\Debug\link.command.1.tlog
D:\code\OPENCV_CUDA\HSI\Debug\link.read.1.tlog
D:\code\OPENCV_CUDA\HSI\Debug\link.write.1.tlog
D:\code\OPENCV_CUDA\HSI\Debug\link-cvtres.read.1.tlog
D:\code\OPENCV_CUDA\HSI\Debug\link-cvtres.write.1.tlog
D:\code\OPENCV_CUDA\HSI\Debug\mt.command.1.tlog
D:\code\OPENCV_CUDA\HSI\Debug\mt.read.1.tlog
D:\code\OPENCV_CUDA\HSI\Debug\mt.write.1.tlog
D:\code\OPENCV_CUDA\HSI\Debug\rc.command.1.tlog
D:\code\OPENCV_CUDA\HSI\Debug\rc.read.1.tlog
D:\code\OPENCV_CUDA\HSI\Debug\rc.write.1.tlog
