D:\CODE\BIN\SOBEL\SOBEL.EXE
D:\CODE\BIN\SOBEL\SOBEL.ILK
D:\CODE\BIN\SOBEL\SOBEL.PDB
D:\CODE\OPENCV_CUDA\BIN\SOBEL\SOBEL.EXE
D:\CODE\OPENCV_CUDA\BIN\SOBEL\SOBEL.ILK
D:\CODE\OPENCV_CUDA\BIN\SOBEL\SOBEL.PDB
D:\code\OPENCV_CUDA\Debug\..\bin\sobel\sobel.exe
D:\code\OPENCV_CUDA\Debug\..\bin\sobel\sobel.ilk
D:\code\OPENCV_CUDA\Debug\..\bin\sobel\sobel.pdb
D:\code\OPENCV_CUDA\sobel\Debug\link.8896.read.1.tlog
D:\code\OPENCV_CUDA\sobel\Debug\link.8896.write.1.tlog
D:\code\OPENCV_CUDA\sobel\Debug\link.8896-cvtres.read.1.tlog
D:\code\OPENCV_CUDA\sobel\Debug\link.8896-cvtres.write.1.tlog
D:\code\OPENCV_CUDA\sobel\Debug\link.command.1.tlog
D:\code\OPENCV_CUDA\sobel\Debug\link.read.1.tlog
D:\code\OPENCV_CUDA\sobel\Debug\link.write.1.tlog
D:\code\OPENCV_CUDA\sobel\Debug\link-cvtres.read.1.tlog
D:\code\OPENCV_CUDA\sobel\Debug\link-cvtres.write.1.tlog
D:\code\OPENCV_CUDA\sobel\Debug\mt.command.1.tlog
D:\code\OPENCV_CUDA\sobel\Debug\mt.read.1.tlog
D:\code\OPENCV_CUDA\sobel\Debug\mt.write.1.tlog
D:\code\OPENCV_CUDA\sobel\Debug\rc.command.1.tlog
D:\code\OPENCV_CUDA\sobel\Debug\rc.read.1.tlog
D:\code\OPENCV_CUDA\sobel\Debug\rc.write.1.tlog
D:\code\OPENCV_CUDA\sobel\Debug\sobel.cu.cache
D:\code\OPENCV_CUDA\sobel\Debug\sobel.cu.obj
D:\CODE\OPENCV_CUDA\SOBEL\DEBUG\SOBEL.EXE.EMBED.MANIFEST
D:\CODE\OPENCV_CUDA\SOBEL\DEBUG\SOBEL.EXE.EMBED.MANIFEST.RES
D:\CODE\OPENCV_CUDA\SOBEL\DEBUG\SOBEL.EXE.INTERMEDIATE.MANIFEST
D:\code\OPENCV_CUDA\sobel\Debug\sobel.vcxprojResolveAssemblyReference.cache
D:\code\OPENCV_CUDA\sobel\Debug\sobel.write.1.tlog
D:\code\OPENCV_CUDA\sobel\Debug\sobel_manifest.rc
